<?xml version="1.0" encoding="utf-8"?><testsuites><testsuite name="pytest" errors="1" failures="0" skipped="0" tests="1" time="8.001" timestamp="2021-08-27T12:45:54.651834" hostname="DESKTOP-R3PTHH9"><testcase classname="test_dir.test_login.TestLogin" name="test_login_sucess" time="5.249"><error message="failed on setup with &quot;file F:\testproject\pyautoTest\test_dir\test_login.py, line 12&#10;      def test_login_sucess(self, browser, base_url):&#10;E       fixture 'base_url' not found&#10;&gt;       available fixtures: browser, browser_close, cache, capfd, capfdbinary, caplog, capsys, capsysbinary, doctest_namespace, extra, include_metadata_in_junit_xml, metadata, monkeypatch, pytestconfig, record_property, record_testsuite_property, record_xml_attribute, recwarn, tmp_path, tmp_path_factory, tmpdir, tmpdir_factory&#10;&gt;       use 'pytest --fixtures [testpath]' for help on them.&#10;&#10;F:\testproject\pyautoTest\test_dir\test_login.py:12&quot;">file F:\testproject\pyautoTest\test_dir\test_login.py, line 12
      def test_login_sucess(self, browser, base_url):
E       fixture 'base_url' not found
&gt;       available fixtures: browser, browser_close, cache, capfd, capfdbinary, caplog, capsys, capsysbinary, doctest_namespace, extra, include_metadata_in_junit_xml, metadata, monkeypatch, pytestconfig, record_property, record_testsuite_property, record_xml_attribute, recwarn, tmp_path, tmp_path_factory, tmpdir, tmpdir_factory
&gt;       use 'pytest --fixtures [testpath]' for help on them.

F:\testproject\pyautoTest\test_dir\test_login.py:12</error></testcase></testsuite></testsuites>