<?xml version="1.0" encoding="utf-8"?><testsuites><testsuite name="pytest" errors="0" failures="1" skipped="0" tests="1" time="17.876" timestamp="2021-08-27T15:45:26.066608" hostname="DESKTOP-R3PTHH9"><testcase classname="test_dir.test_login.TestLogin" name="test_login_sucess" time="14.838"><failure message="AttributeError: 'PayWebPage' object has no attribute 'login_button'">self = &lt;test_dir.test_login.TestLogin object at 0x0000012BC11CE460&gt;
browser = &lt;selenium.webdriver.chrome.webdriver.WebDriver (session="60254f0338e57f748ca669adb603d8c6")&gt;
base_url = 'http://192.168.9.50:8100'

    def test_login_sucess(self, browser, base_url):
        '''登录测试'''
        page = PayWebPage(browser)
        page.get(base_url)
        page.first_agent_login_button.click()
        page.login_user_name_input.send_keys("02899999")
        page.login_password_input.send_keys("123213")
        page.login_user_code_input.send_keys("dfdsg2165498jdofdfd")
&gt;       page.login_button.enter
E       AttributeError: 'PayWebPage' object has no attribute 'login_button'

test_dir\test_login.py:20: AttributeError</failure></testcase></testsuite></testsuites>