<?xml version="1.0" encoding="utf-8"?><testsuites><testsuite name="pytest" errors="0" failures="0" skipped="0" tests="1" time="11.964" timestamp="2021-08-27T21:05:51.956124" hostname="DESKTOP-R3PTHH9"><testcase classname="test_dir.test_login.TestLogin" name="test_login_sucess" time="11.738" /></testsuite></testsuites>