<?xml version="1.0" encoding="utf-8"?><testsuites><testsuite name="pytest" errors="0" failures="0" skipped="0" tests="1" time="13.759" timestamp="2021-08-31T17:33:23.890910" hostname="DESKTOP-R3PTHH9"><testcase classname="test_dir.test_login.TestLoginSucess" name="test_login_sucess" time="13.514" /></testsuite></testsuites>