<?xml version="1.0" encoding="utf-8"?><testsuites><testsuite name="pytest" errors="0" failures="0" skipped="0" tests="13" time="568.234" timestamp="2021-09-16T17:47:01.415680" hostname="DESKTOP-R3PTHH9"><testcase classname="test_dir.test_buy.TestBuy" name="test_buy_hh_top" time="30.530" /><testcase classname="test_dir.test_buy.TestBuy" name="test_buy_yhh_erp" time="22.687" /><testcase classname="test_dir.test_buy.TestBuy" name="test_hard_dog_buy" time="12.198" /><testcase classname="test_dir.test_buy.TestBuy" name="test_product_material_buy" time="9.075" /><testcase classname="test_dir.test_buy.TestBuy" name="test_batch_buy" time="0.002" /><testcase classname="test_dir.test_login.TestLoginSucess" name="test_buy" time="26.321" /><testcase classname="test_dir.test_login.TestLoginSucess" name="test_buy_success" time="17.273" /><testcase classname="test_dir.test_register.TestRegister" name="test_hh_top_register" time="91.268" /><testcase classname="test_dir.test_update.TestUpdate" name="test_update_user_count" time="58.315" /><testcase classname="test_dir.test_update.TestUpdate" name="test_update_user_conunt_for_yhh" time="53.078" /><testcase classname="test_dir.test_update.TestUpdate" name="test_update_user_count_for_registered_hh" time="165.187" /><testcase classname="test_dir.test_update.TestUpdate" name="test_yhh_renew" time="11.991" /><testcase classname="test_dir.test_update.TestUpdate" name="test_update_and_return" time="69.774" /></testsuite></testsuites>